nativeAdSample/build/intermediates/manifest_merge_blame_file/debug/manifest-merger-blame-debug-report.txt
1<?xml version="1.0" encoding="utf-8"?>
2<manifest xmlns:android="http://schemas.android.com/apk/res/android"
3    package="com.inmobi.nativead.sample"
4    android:versionCode="1"
5    android:versionName="1.0.0" >
6
7    <uses-sdk
8        android:minSdkVersion="19"
8-->src/main/AndroidManifest.xml
9        android:targetSdkVersion="24" />
9-->src/main/AndroidManifest.xml
10
11    <uses-permission android:name="android.permission.INTERNET" />
11-->src/main/AndroidManifest.xml:6:5-67
11-->src/main/AndroidManifest.xml:6:22-64
12    <uses-permission android:name="android.permission.ACCESS_NETWORK_STATE" />
12-->src/main/AndroidManifest.xml:7:5-79
12-->src/main/AndroidManifest.xml:7:22-76
13    <uses-permission android:name="android.permission.ACCESS_FINE_LOCATION" />
13-->src/main/AndroidManifest.xml:8:5-79
13-->src/main/AndroidManifest.xml:8:22-76
14    <uses-permission android:name="android.permission.ACCESS_WIFI_STATE" />
14-->src/main/AndroidManifest.xml:9:5-76
14-->src/main/AndroidManifest.xml:9:22-73
15    <uses-permission android:name="android.permission.CHANGE_WIFI_STATE" />
15-->src/main/AndroidManifest.xml:10:5-76
15-->src/main/AndroidManifest.xml:10:22-73
16    <uses-permission android:name="android.permission.VIBRATE" />
16-->src/main/AndroidManifest.xml:11:5-66
16-->src/main/AndroidManifest.xml:11:22-63
17    <!-- <uses-permission android:name="com.google.android.gms.permission.ACTIVITY_RECOGNITION" /> -->
18    <uses-permission android:name="android.permission.READ_CALENDAR" />
18-->src/main/AndroidManifest.xml:13:5-72
18-->src/main/AndroidManifest.xml:13:22-69
19    <uses-permission android:name="android.permission.WRITE_CALENDAR" />
19-->src/main/AndroidManifest.xml:14:5-73
19-->src/main/AndroidManifest.xml:14:22-70
20    <uses-permission android:name="android.permission.WRITE_EXTERNAL_STORAGE" />
20-->src/main/AndroidManifest.xml:15:5-81
20-->src/main/AndroidManifest.xml:15:22-78
21    <uses-permission android:name="android.permission.READ_PHONE_STATE" />
21-->src/main/AndroidManifest.xml:16:5-75
21-->src/main/AndroidManifest.xml:16:22-72
22    <uses-permission android:name="android.permission.DISABLE_KEYGUARD" />
22-->src/main/AndroidManifest.xml:18:5-75
22-->src/main/AndroidManifest.xml:18:22-72
23    <uses-permission android:name="android.permission.GET_TASKS" />
23-->src/main/AndroidManifest.xml:19:5-68
23-->src/main/AndroidManifest.xml:19:22-65
24    <uses-permission android:name="android.permission.WAKE_LOCK" />
24-->src/main/AndroidManifest.xml:20:5-68
24-->src/main/AndroidManifest.xml:20:22-65
25    <uses-permission android:name="android.permission.SYSTEM_OVERLAY_WINDOW" />
25-->src/main/AndroidManifest.xml:21:5-80
25-->src/main/AndroidManifest.xml:21:22-77
26    <uses-permission android:name="android.permission.SYSTEM_ALERT_WINDOW" />
26-->src/main/AndroidManifest.xml:22:5-78
26-->src/main/AndroidManifest.xml:22:22-75
27    <uses-permission android:name="android.permission.RECEIVE_BOOT_COMPLETED" />
27-->src/main/AndroidManifest.xml:23:5-81
27-->src/main/AndroidManifest.xml:23:22-78
28    <uses-permission android:name="android.permission.PHONE_STATE_STATE" />
28-->src/main/AndroidManifest.xml:24:5-76
28-->src/main/AndroidManifest.xml:24:22-73
29    <uses-permission android:name="com.asus.msa.SupplementaryDID.ACCESS" />
29-->[msa_mdid_1.0.13.aar] AndroidManifest.xml:8:5-76
29-->[msa_mdid_1.0.13.aar] AndroidManifest.xml:8:22-73
30    <uses-permission android:name="android.permission.READ_EXTERNAL_STORAGE" />
31
32    <application
32-->src/main/AndroidManifest.xml:28:5-113:19
33        android:name="lockscreen.LockApplication"
33-->src/main/AndroidManifest.xml:30:9-50
34        android:allowBackup="true"
34-->src/main/AndroidManifest.xml:29:9-35
35        android:debuggable="true"
36        android:icon="@drawable/icon"
36-->src/main/AndroidManifest.xml:31:9-38
37        android:label="@string/app_name"
37-->src/main/AndroidManifest.xml:32:9-41
38        android:testOnly="true"
39        android:theme="@style/AppTheme" >
39-->src/main/AndroidManifest.xml:33:9-40
40        <activity
40-->src/main/AndroidManifest.xml:34:9-49:20
41            android:name="com.inmobi.nativead.sample.NativeAdsActivity"
41-->src/main/AndroidManifest.xml:35:13-46
42            android:configChanges="keyboardHidden|orientation|keyboard|smallestScreenSize|screenSize|screenLayout"
42-->src/main/AndroidManifest.xml:36:13-115
43            android:label="@string/app_name"
43-->src/main/AndroidManifest.xml:37:13-45
44            android:screenOrientation="portrait"
44-->src/main/AndroidManifest.xml:38:13-49
45            android:theme="@style/NativeStoryboardsTheme" >
45-->src/main/AndroidManifest.xml:39:13-58
46
47            <!--
48            <intent-filter>
49                <action android:name="android.intent.action.MAIN" />
50
51                <category android:name="android.intent.category.LAUNCHER" />
52            </intent-filter>
53            -->
54        </activity>
55        <activity
55-->src/main/AndroidManifest.xml:50:9-56:46
56            android:name="com.inmobi.rendering.InMobiAdActivity"
56-->src/main/AndroidManifest.xml:51:13-65
57            android:configChanges="keyboardHidden|orientation|keyboard|smallestScreenSize|screenSize|screenLayout"
57-->src/main/AndroidManifest.xml:52:13-115
58            android:hardwareAccelerated="true"
58-->src/main/AndroidManifest.xml:53:13-47
59            android:resizeableActivity="false"
59-->src/main/AndroidManifest.xml:54:13-47
60            android:theme="@android:style/Theme.NoTitleBar" />
60-->src/main/AndroidManifest.xml:55:13-60
61
62        <service
62-->src/main/AndroidManifest.xml:58:9-60:37
63            android:name="com.inmobi.ads.ApkDownloader$ApkDownloadService"
63-->src/main/AndroidManifest.xml:59:13-75
64            android:enabled="true" />
64-->src/main/AndroidManifest.xml:60:13-35
65
66        <!-- <meta-data -->
67        <!-- android:name="com.google.android.gms.version" -->
68        <!-- android:value="@integer/google_play_services_version" /> -->
69
70        <activity
70-->src/main/AndroidManifest.xml:66:9-76:20
71            android:name="com.inmobi.nativead.sample.SplashFullscreenActivity"
71-->src/main/AndroidManifest.xml:67:13-53
72            android:configChanges="orientation|keyboardHidden|screenSize"
72-->src/main/AndroidManifest.xml:68:13-74
73            android:label="@string/title_activity_splash_fullscreen"
73-->src/main/AndroidManifest.xml:69:13-69
74            android:theme="@style/FullscreenTheme" >
74-->src/main/AndroidManifest.xml:70:13-51
75            <intent-filter>
75-->src/main/AndroidManifest.xml:71:13-75:29
76                <action android:name="android.intent.action.MAIN" />
76-->src/main/AndroidManifest.xml:72:17-69
76-->src/main/AndroidManifest.xml:72:25-66
77
78                <category android:name="android.intent.category.LAUNCHER" />
78-->src/main/AndroidManifest.xml:74:17-77
78-->src/main/AndroidManifest.xml:74:27-74
79            </intent-filter>
80        </activity>
81        <activity
81-->src/main/AndroidManifest.xml:77:9-84:20
82            android:name="com.inmobi.nativead.sample.PreRollActivity"
82-->src/main/AndroidManifest.xml:78:13-44
83            android:configChanges="orientation|keyboardHidden|screenLayout|screenSize"
83-->src/main/AndroidManifest.xml:79:13-87
84            android:label="@string/title_activity_pre_roll"
84-->src/main/AndroidManifest.xml:80:13-60
85            android:theme="@style/FullscreenTheme" >
85-->src/main/AndroidManifest.xml:82:13-51
86        </activity>
87        <!-- orientation -->
88
89        <service android:name="lockscreen.utils.LockscreenService" >
89-->src/main/AndroidManifest.xml:87:9-88:19
89-->src/main/AndroidManifest.xml:87:18-67
90        </service>
91        <service
91-->src/main/AndroidManifest.xml:90:9-98:19
92            android:name="lockscreen.utils.LockWindowAccessibilityService"
92-->src/main/AndroidManifest.xml:91:13-75
93            android:label="@string/app_name"
93-->src/main/AndroidManifest.xml:92:13-45
94            android:permission="android.permission.BIND_ACCESSIBILITY_SERVICE" >
94-->src/main/AndroidManifest.xml:93:13-79
95            <intent-filter>
95-->src/main/AndroidManifest.xml:94:13-96:29
96                <action android:name="android.accessibilityservice.AccessibilityService" />
96-->src/main/AndroidManifest.xml:95:17-92
96-->src/main/AndroidManifest.xml:95:25-89
97            </intent-filter>
98
99            <meta-data
99-->src/main/AndroidManifest.xml:97:13-114
100                android:name="android.accessibilityservice"
100-->src/main/AndroidManifest.xml:97:24-67
101                android:resource="@xml/accessibilityservice" />
101-->src/main/AndroidManifest.xml:97:68-112
102        </service>
103
104        <activity
104-->src/main/AndroidManifest.xml:100:9-103:50
105            android:name="lockscreen.LockScreenActivity"
105-->src/main/AndroidManifest.xml:101:13-57
106            android:launchMode="singleInstance"
106-->src/main/AndroidManifest.xml:103:13-48
107            android:showOnLockScreen="true" />
107-->src/main/AndroidManifest.xml:102:13-44
108
109        <provider
109-->src/main/AndroidManifest.xml:105:9-111:64
110            android:name="android.support.v4.content.FileProvider"
110-->src/main/AndroidManifest.xml:105:19-73
111            android:authorities="com.inmobi.nativead.sample.fileprovider"
111-->src/main/AndroidManifest.xml:106:13-74
112            android:exported="false"
112-->src/main/AndroidManifest.xml:107:13-37
113            android:grantUriPermissions="true" >
113-->src/main/AndroidManifest.xml:108:13-47
114            <meta-data
114-->src/main/AndroidManifest.xml:109:13-111:52
115                android:name="android.support.FILE_PROVIDER_PATHS"
115-->src/main/AndroidManifest.xml:110:17-67
116                android:resource="@xml/provider" />
116-->src/main/AndroidManifest.xml:111:17-49
117        </provider>
118    </application>
119
120</manifest>